<?xml version="1.0" encoding="UTF-8"?>
<testsuite name="ExampleTests" tests="1" skipped="0" failures="0" errors="0" timestamp="2021-03-02T08:47:51" hostname="DESKTOP-99N7EQ6" time="0.003">
  <properties/>
  <testcase name="testExample" classname="ExampleTests" time="0.003"/>
  <system-out><![CDATA[]]></system-out>
  <system-err><![CDATA[]]></system-err>
</testsuite>
